0 info it worked if it ends with ok
1 verbose cli [ 'C:\\Program Files\\nodejs\\node.exe',
1 verbose cli   'C:\\Users\\track\\AppData\\Roaming\\npm\\node_modules\\npm\\bin\\npm-cli.js',
1 verbose cli   'publish' ]
2 info using npm@3.9.3
3 info using node@v6.2.1
4 verbose publish [ '.' ]
5 silly cache add args [ '.', null ]
6 verbose cache add spec .
7 silly cache add parsed spec Result {
7 silly cache add   raw: '.',
7 silly cache add   scope: null,
7 silly cache add   name: null,
7 silly cache add   rawSpec: '.',
7 silly cache add   spec: 'C:\\xampp4\\htdocs\\sikky',
7 silly cache add   type: 'directory' }
8 verbose addLocalDirectory C:\Users\track\AppData\Roaming\npm-cache\sikky\0.2.3\package.tgz not in flight; packing
9 verbose correctMkdir C:\Users\track\AppData\Roaming\npm-cache correctMkdir not in flight; initializing
10 info lifecycle sikky@0.2.3~prepublish: sikky@0.2.3
11 silly lifecycle sikky@0.2.3~prepublish: no script for prepublish, continuing
12 verbose tar pack [ 'C:\\Users\\track\\AppData\\Roaming\\npm-cache\\sikky\\0.2.3\\package.tgz',
12 verbose tar pack   'C:\\xampp4\\htdocs\\sikky' ]
13 verbose tarball C:\Users\track\AppData\Roaming\npm-cache\sikky\0.2.3\package.tgz
14 verbose folder C:\xampp4\htdocs\sikky
15 verbose addLocalTarball adding from inside cache C:\Users\track\AppData\Roaming\npm-cache\sikky\0.2.3\package.tgz
16 verbose correctMkdir C:\Users\track\AppData\Roaming\npm-cache correctMkdir not in flight; initializing
17 silly cache afterAdd sikky@0.2.3
18 verbose afterAdd C:\Users\track\AppData\Roaming\npm-cache\sikky\0.2.3\package\package.json not in flight; writing
19 verbose correctMkdir C:\Users\track\AppData\Roaming\npm-cache correctMkdir not in flight; initializing
20 verbose afterAdd C:\Users\track\AppData\Roaming\npm-cache\sikky\0.2.3\package\package.json written
21 silly publish { name: 'sikky',
21 silly publish   version: '0.2.3',
21 silly publish   description: 'TypeScript 2.0 Pre boilerplate that aims to be the fastest and smallest.',
21 silly publish   main: 'dist/sikky.js',
21 silly publish   readmeFilename: 'README.md',
21 silly publish   scripts:
21 silly publish    { 'clean:build': 'rm -rf build/',
21 silly publish      pretest: 'rollup -c rollup.test.config.js',
21 silly publish      test: 'cross-env NODE_ENV=test karma start karma.conf.js --no-auto-watch --single-run',
21 silly publish      tdd: 'cross-env NODE_ENV=test karma start karma.conf.js --auto-watch',
21 silly publish      prebuild: 'tsc src/sikky.ts --outDir build --target es6',
21 silly publish      build: 'npm run build:dev && npm run build:prod',
21 silly publish      'build:dev': 'cross-env NODE_ENV=development rollup -c rollup.config.js',
21 silly publish      'build:prod': 'cross-env NODE_ENV=production rollup -c rollup.config.js',
21 silly publish      watch: 'tsc src/cirloc.ts --outDir build --target es6 --w',
21 silly publish      lint: 'tslint -c tslint.json src/**/*.ts src/**/*.ts tests/**/*.ts tests/**/*.tsx' },
21 silly publish   repository: { type: 'git', url: 'git+https://github.com/kflash/sikky.git' },
21 silly publish   keywords:
21 silly publish    [ 'es6',
21 silly publish      'es2015',
21 silly publish      'async/await',
21 silly publish      'async',
21 silly publish      'await',
21 silly publish      'jsx',
21 silly publish      'TypeScript',
21 silly publish      'microsoft',
21 silly publish      'karma',
21 silly publish      'tslint',
21 silly publish      'rollup',
21 silly publish      'modules',
21 silly publish      'bundling',
21 silly publish      'bundle',
21 silly publish      'ts',
21 silly publish      'rollup',
21 silly publish      'tslint',
21 silly publish      'boilerplate',
21 silly publish      'browser' ],
21 silly publish   files: [ 'src', 'dist' ],
21 silly publish   author: { name: 'KFlash' },
21 silly publish   license: 'MIT',
21 silly publish   bugs: { url: 'https://github.com/kflash/sikky/issues' },
21 silly publish   homepage: 'https://github.com/kflash/sikky',
21 silly publish   dependencies: {},
21 silly publish   devDependencies:
21 silly publish    { '@types/mocha': '^2.2.21-alpha',
21 silly publish      '@types/chai': '^3.4.22-alpha',
21 silly publish      '@types/sinon': '^1.16.20-alpha',
21 silly publish      chai: '^3.5.0',
21 silly publish      'cross-env': '^1.0.8',
21 silly publish      karma: '^0.13.22',
21 silly publish      'karma-chai': '^0.1.0',
21 silly publish      'karma-chrome-launcher': '^1.0.1',
21 silly publish      'karma-sourcemap-loader': '^0.3.7',
21 silly publish      'karma-mocha': '^1.0.1',
21 silly publish      'karma-mocha-reporter': '^2.0.3',
21 silly publish      mocha: '^2.5.2',
21 silly publish      rollup: '^0.31.1',
21 silly publish      'rollup-plugin-buble': '^0.10.0',
21 silly publish      'rollup-plugin-commonjs': '^3.0.0',
21 silly publish      'rollup-plugin-replace': '^1.1.0',
21 silly publish      'rollup-plugin-uglify': '^1.0.0',
21 silly publish      'rollup-plugin-multi-entry': '^1.4.0',
21 silly publish      'rollup-plugin-typescript': '^0.7.5',
21 silly publish      tslint: 'next',
21 silly publish      typescript: 'next' },
21 silly publish   readme: '## Sikky\n\n[![Build Status](https://travis-ci.org/Kflash/sikky.svg?branch=master)](https://travis-ci.org/Kflash/sikky)\n[![npm version](https://badge.fury.io/js/sikky.svg)](https://badge.fury.io/js/sikky)\n[![npm downloads](https://img.shields.io/npm/dm/sikky.svg)](https://www.npmjs.org/package/sikky)\n[![npm](https://img.shields.io/npm/l/express.svg?style=flat-square)](https://github.com/kflash/sikky/blob/master/LICENSE.md)\n\nA very fast, and small sized boilerplate. Uses `TypeScript 2.0 Pre` to compile down to `ES2015` by default. From there it\'s up to you if you want to use `Rollup` and `Bublé` to bundle down to a clean `ES2015` bundle.\n`Bublé` is used for compability with older browsers. Easy to get rid of or replaced with Babel.\n\nRollup keep track of the environment variabels, and output both a development and a production build. The production build get minified with `uglify`.\n\nA complete bundle time is assumed to be around 0.4 ms. Depends on your computer and the size of your source files.\n\nThe test stack is done with `Karma` + `Mocha` + `TypeScript`. Rollup + TS 2.0 are used to pre-compile the UT files before they are picked up by Karma. This can simply be replaced with a `Webpack` or a `Browserify` solution.\n\n## Features\n\n- [x] Statically typed build system for working with [Typescript](https://www.typescriptlang.org/) 2.0 Pre\n- [x] [Bublé](https://gitlab.com/Rich-Harris/buble) as the ES2015 compiler\n- [x] [Rollup](http://rollupjs.org/) for bundling\n- [x] Consistent code style with [TSLint](https://palantir.github.io/tslint/).\n- [x] Intelligent code editing with [VSCode](https://code.visualstudio.com/)\n- [x] SourceMap\n- [x] TSX / JSX\n- [x] Experimental support for ES7 decorators.\n- [x] Async, await and generators\n- [x] Karma as the test runner\n- [x] Test Driven Development (TDD)\n- [x] Mocha & chai de facto standard\n- [x] Environment variabels\n- [x] Production and development build with `Rollup`.\n\n## Quick start\n\nThe only development dependency of this project is [Node.js](https://nodejs.org/en/). So just make sure you have it installed. Then\ntype few commands known to every Node developer...\n\n```bash\ngit clone --depth 1 https://github.com/kflash/sikky.git\ncd sikky\n# install the project\'s dependencies\nnpm install\n\n# dev build\nnpm run build:dev\n# prod build\nnpm run build:prod\n```\n... and boom! You have it all setup for you!\n\n## Workflow\n\n* `npm run build:ts` - transpile TypeScript down to ES2015 with experimental support for ES2016 decorators\n* `npm run build` - transpile down to ES5 and builds a bundle both for development and production\n* `npm run build:dev` - transpile down to ES5 and builds a bundle for development\n* `npm run build:prod` - transpile down to ES5 and builds a bundle for production\n* `npm run lint` - validates all TypeScript files\n* `npm run tdd` - run all unit tests and watch files for changes\n* `npm run watch` - watch your TypeScript files and trigger recompilation on changes.\n\n## Bundling\n\nMany workflows let you bundle your code with TS errors, providing many hours of frustration. If you try to bundle your source code \nwith Sikky, and your code contains errors, you will see something like this in your console:\n\n        `src/sikky.ts(1068,18): error TS2339: Property \'parentElement\' does not exist on type`\n\n## Typings\n\n`npm@types` are used by default. No need for exstra installation.\n\n## Async/await\n\nAsync/await are only supported for TS 2.0 with target set to `ES6` or `ES2015`.\n',
21 silly publish   gitHead: '60853745f8380780177ecdadbf6d9bdc26bb6378',
21 silly publish   _id: 'sikky@0.2.3',
21 silly publish   _shasum: 'af247db41b83268a3d5a773cba634ad27077c5f1',
21 silly publish   _from: '.' }
22 verbose getPublishConfig undefined
23 silly mapToRegistry name sikky
24 silly mapToRegistry using default registry
25 silly mapToRegistry registry https://registry.npmjs.org/
26 silly mapToRegistry data Result {
26 silly mapToRegistry   raw: 'sikky',
26 silly mapToRegistry   scope: null,
26 silly mapToRegistry   name: 'sikky',
26 silly mapToRegistry   rawSpec: '',
26 silly mapToRegistry   spec: 'latest',
26 silly mapToRegistry   type: 'tag' }
27 silly mapToRegistry uri https://registry.npmjs.org/sikky
28 verbose publish registryBase https://registry.npmjs.org/
29 silly publish uploading C:\Users\track\AppData\Roaming\npm-cache\sikky\0.2.3\package.tgz
30 verbose request uri https://registry.npmjs.org/sikky
31 verbose request sending authorization for write operation
32 info attempt registry request try #1 at 9:46:34 AM
33 verbose request using bearer token for auth
34 verbose request id bafcc10175cc6b02
35 http request PUT https://registry.npmjs.org/sikky
36 http 403 https://registry.npmjs.org/sikky
37 verbose headers { 'content-type': 'application/json',
37 verbose headers   'cache-control': 'max-age=300',
37 verbose headers   'content-length': '95',
37 verbose headers   'accept-ranges': 'bytes',
37 verbose headers   date: 'Mon, 13 Jun 2016 01:46:36 GMT',
37 verbose headers   via: '1.1 varnish',
37 verbose headers   connection: 'keep-alive',
37 verbose headers   'x-served-by': 'cache-sjc3643-SJC',
37 verbose headers   'x-cache': 'MISS',
37 verbose headers   'x-cache-hits': '0',
37 verbose headers   'x-timer': 'S1465782395.908377,VS0,VE148',
37 verbose headers   vary: 'Accept-Encoding' }
38 verbose request invalidating C:\Users\track\AppData\Roaming\npm-cache\registry.npmjs.org\sikky on PUT
39 error publish Failed PUT 403
40 verbose stack Error: "You cannot publish over the previously published version 0.2.3." : sikky
40 verbose stack     at makeError (C:\Users\track\AppData\Roaming\npm\node_modules\npm\node_modules\npm-registry-client\lib\request.js:264:12)
40 verbose stack     at CachingRegistryClient.<anonymous> (C:\Users\track\AppData\Roaming\npm\node_modules\npm\node_modules\npm-registry-client\lib\request.js:252:14)
40 verbose stack     at Request._callback (C:\Users\track\AppData\Roaming\npm\node_modules\npm\node_modules\npm-registry-client\lib\request.js:172:14)
40 verbose stack     at Request.self.callback (C:\Users\track\AppData\Roaming\npm\node_modules\npm\node_modules\request\request.js:200:22)
40 verbose stack     at emitTwo (events.js:106:13)
40 verbose stack     at Request.emit (events.js:191:7)
40 verbose stack     at Request.<anonymous> (C:\Users\track\AppData\Roaming\npm\node_modules\npm\node_modules\request\request.js:1067:10)
40 verbose stack     at emitOne (events.js:101:20)
40 verbose stack     at Request.emit (events.js:188:7)
40 verbose stack     at IncomingMessage.<anonymous> (C:\Users\track\AppData\Roaming\npm\node_modules\npm\node_modules\request\request.js:988:12)
41 verbose statusCode 403
42 verbose pkgid sikky
43 verbose cwd C:\xampp4\htdocs\sikky
44 error Windows_NT 10.0.14361
45 error argv "C:\\Program Files\\nodejs\\node.exe" "C:\\Users\\track\\AppData\\Roaming\\npm\\node_modules\\npm\\bin\\npm-cli.js" "publish"
46 error node v6.2.1
47 error npm  v3.9.3
48 error code E403
49 error "You cannot publish over the previously published version 0.2.3." : sikky
50 error If you need help, you may report this error at:
50 error     <https://github.com/npm/npm/issues>
51 verbose exit [ 1, true ]
